app/proguard-rules.pro
# Add project specific ProGuard rules here.

# Keep NewPipe Extractor and its dependencies
-keep class org.schabi.newpipe.extractor.** { *; }
-keep class org.mozilla.javascript.** { *; }
-keep class com.grack.nanojson.** { *; }
-dontwarn org.mozilla.javascript.**
-dontwarn com.grack.nanojson.**

# jsoup (used by NewPipe) references re2j optionally — not present at runtime, safe to ignore
-dontwarn com.google.re2j.**

# Keep Retrofit
-keepattributes Signature
-keepattributes *Annotation*
-keep class retrofit2.** { *; }
-keepclasseswithmembers class * {
    @retrofit2.http.* <methods>;
}

# Keep Gson
-keep class com.google.gson.** { *; }
-keep class * implements com.google.gson.TypeAdapterFactory
-keep class * implements com.google.gson.JsonSerializer
-keep class * implements com.google.gson.JsonDeserializer

# Keep Room entities
-keep class com.quezic.data.local.entity.** { *; }

# Keep data classes for serialization
-keepclassmembers class com.quezic.domain.model.** { *; }

# OkHttp
-dontwarn okhttp3.**
-dontwarn okio.**
-keep class okhttp3.** { *; }
-keep interface okhttp3.** { *; }

# Coroutines
-keepnames class kotlinx.coroutines.internal.MainDispatcherFactory {}
-keepnames class kotlinx.coroutines.CoroutineExceptionHandler {}
-keepclassmembers class kotlinx.coroutines.** {
    volatile <fields>;
}