app/build/outputs/mapping/release/configuration.txt
# The proguard configuration file for the following section is release/processReleaseResources/aapt_rules.txt
-keep class androidx.core.app.CoreComponentFactory { <init>(); }
-keep class androidx.profileinstaller.ProfileInstallReceiver { <init>(); }
-keep class androidx.room.MultiInstanceInvalidationService { <init>(); }
-keep class androidx.startup.InitializationProvider { <init>(); }
-keep class androidx.work.impl.background.systemalarm.ConstraintProxy$BatteryChargingProxy { <init>(); }
-keep class androidx.work.impl.background.systemalarm.ConstraintProxy$BatteryNotLowProxy { <init>(); }
-keep class androidx.work.impl.background.systemalarm.ConstraintProxy$NetworkStateProxy { <init>(); }
-keep class androidx.work.impl.background.systemalarm.ConstraintProxy$StorageNotLowProxy { <init>(); }
-keep class androidx.work.impl.background.systemalarm.ConstraintProxyUpdateReceiver { <init>(); }
-keep class androidx.work.impl.background.systemalarm.RescheduleReceiver { <init>(); }
-keep class androidx.work.impl.background.systemalarm.SystemAlarmService { <init>(); }
-keep class androidx.work.impl.background.systemjob.SystemJobService { <init>(); }
-keep class androidx.work.impl.diagnostics.DiagnosticsReceiver { <init>(); }
-keep class androidx.work.impl.foreground.SystemForegroundService { <init>(); }
-keep class androidx.work.impl.utils.ForceStopRunnable$BroadcastReceiver { <init>(); }
-keep class com.quezic.MainActivity { <init>(); }
-keep class com.quezic.QuezicApp { <init>(); }
-keep class com.quezic.download.DownloadService { <init>(); }
-keep class com.quezic.player.PlaybackService { <init>(); }
-keep class androidx.media3.ui.AspectRatioFrameLayout { <init>(android.content.Context, android.util.AttributeSet); }

-keep class androidx.media3.ui.SubtitleView { <init>(android.content.Context, android.util.AttributeSet); }

-keep class androidx.media3.ui.TrackSelectionView { <init>(android.content.Context, android.util.AttributeSet); }

-keep class androidx.recyclerview.widget.RecyclerView { <init>(android.content.Context, android.util.AttributeSet); }


# End of content from release/processReleaseResources/aapt_rules.txt
# The proguard configuration file for the following section is default_proguard_files/global/proguard-android-optimize.txt-8.13.2
# This is a configuration file for ProGuard.
# http://proguard.sourceforge.net/index.html#manual/usage.html
#
# Starting with version 2.2 of the Android plugin for Gradle, this file is distributed together with
# the plugin and unpacked at build-time. The files in $ANDROID_HOME are no longer maintained and
# will be ignored by new version of the Android plugin for Gradle.

# Optimizations: If you don't want to optimize, use the proguard-android.txt configuration file
# instead of this one, which turns off the optimization flags.
-allowaccessmodification

# Preserve some attributes that may be required for reflection.
-keepattributes AnnotationDefault,
                EnclosingMethod,
                InnerClasses,
                RuntimeVisibleAnnotations,
                RuntimeVisibleParameterAnnotations,
                RuntimeVisibleTypeAnnotations,
                Signature

-keep public class com.google.vending.licensing.ILicensingService
-keep public class com.android.vending.licensing.ILicensingService
-keep public class com.google.android.vending.licensing.ILicensingService
-dontnote com.android.vending.licensing.ILicensingService
-dontnote com.google.vending.licensing.ILicensingService
-dontnote com.google.android.vending.licensing.ILicensingService

# For native methods, see https://www.guardsquare.com/manual/configuration/examples#native
-keepclasseswithmembernames,includedescriptorclasses class * {
    native <methods>;
}

# Keep setters in Views so that animations can still work.
-keepclassmembers public class * extends android.view.View {
    void set*(***);
    *** get*();
}

# We want to keep methods in Activity that could be used in the XML attribute onClick.
-keepclassmembers class * extends android.app.Activity {
    public void *(android.view.View);
}

# For enumeration classes, see https://www.guardsquare.com/manual/configuration/examples#enumerations
-keepclassmembers enum * {
    public static **[] values();
    public static ** valueOf(java.lang.String);
}

-keepclassmembers class * implements android.os.Parcelable {
    public static final ** CREATOR;
}

# Preserve annotated Javascript interface methods.
-keepclassmembers class * {
    @android.webkit.JavascriptInterface <methods>;
}

# The support libraries contains references to newer platform versions.
# Don't warn about those in case this app is linking against an older
# platform version. We know about them, and they are safe.
-dontnote android.support.**
-dontnote androidx.**
-dontwarn android.support.**
-dontwarn androidx.**

# Understand the @Keep support annotation.
-keep class android.support.annotation.Keep

-keep @android.support.annotation.Keep class * {*;}

-keepclasseswithmembers class * {
    @android.support.annotation.Keep <methods>;
}

-keepclasseswithmembers class * {
    @android.support.annotation.Keep <fields>;
}

-keepclasseswithmembers class * {
    @android.support.annotation.Keep <init>(...);
}

# These classes are duplicated between android.jar and org.apache.http.legacy.jar.
-dontnote org.apache.http.**
-dontnote android.net.http.**

# These classes are duplicated between android.jar and core-lambda-stubs.jar.
-dontnote java.lang.invoke.**

# End of content from default_proguard_files/global/proguard-android-optimize.txt-8.13.2
# The proguard configuration file for the following section is Quezic/app/proguard-rules.pro
# Add project specific ProGuard rules here.

# Keep NewPipe Extractor and its dependencies
-keep class org.schabi.newpipe.extractor.** { *; }
-keep class org.mozilla.javascript.** { *; }
-keep class com.grack.nanojson.** { *; }
-dontwarn org.mozilla.javascript.**
-dontwarn com.grack.nanojson.**

# jsoup (used by NewPipe) references re2j optionally — not present at runtime, safe to ignore
-dontwarn com.google.re2j.**

# Keep Retrofit
-keepattributes Signature
-keepattributes *Annotation*
-keep class retrofit2.** { *; }
-keepclasseswithmembers class * {
    @retrofit2.http.* <methods>;
}

# Keep Gson
-keep class com.google.gson.** { *; }
-keep class * implements com.google.gson.TypeAdapterFactory
-keep class * implements com.google.gson.JsonSerializer
-keep class * implements com.google.gson.JsonDeserializer

# Keep Room entities
-keep class com.quezic.data.local.entity.** { *; }

# Keep data classes for serialization
-keepclassmembers class com.quezic.domain.model.** { *; }

# OkHttp
-dontwarn okhttp3.**
-dontwarn okio.**
-keep class okhttp3.** { *; }
-keep interface okhttp3.** { *; }

# Coroutines
-keepnames class kotlinx.coroutines.internal.MainDispatcherFactory {}
-keepnames class kotlinx.coroutines.CoroutineExceptionHandler {}
-keepclassmembers class kotlinx.coroutines.** {
    volatile <fields>;
}

# End of content from Quezic/app/proguard-rules.pro
# The proguard configuration file for the following section is transformed/media3-datasource-okhttp-1.2.1/proguard.txt
# Proguard rules specific to the OkHttp extension.

# Options specified by https://github.com/square/okhttp/blob/master/README.md
-dontwarn okio.**
-dontwarn javax.annotation.**
-dontwarn org.conscrypt.**

# End of content from transformed/media3-datasource-okhttp-1.2.1/proguard.txt
# The proguard configuration file for the following section is transformed/media3-ui-1.2.1/proguard.txt
# Proguard rules specific to the UI module.

# Constructor method accessed via reflection in PlayerView
-dontnote androidx.media3.exoplayer.video.spherical.SphericalGLSurfaceView
-keepclassmembers class androidx.media3.exoplayer.video.spherical.SphericalGLSurfaceView {
  <init>(android.content.Context);
}
-dontnote androidx.media3.exoplayer.video.VideoDecoderGLSurfaceView
-keepclassmembers class androidx.media3.exoplayer.video.VideoDecoderGLSurfaceView {
  <init>(android.content.Context);
}

# Constructor method accessed via reflection in TrackSelectionDialogBuilder
-dontnote androidx.appcompat.app.AlertDialog.Builder
-keepclassmembers class androidx.appcompat.app.AlertDialog$Builder {
  <init>(android.content.Context, int);
  public android.content.Context getContext();
  public androidx.appcompat.app.AlertDialog$Builder setTitle(java.lang.CharSequence);
  public androidx.appcompat.app.AlertDialog$Builder setView(android.view.View);
  public androidx.appcompat.app.AlertDialog$Builder setPositiveButton(int, android.content.DialogInterface$OnClickListener);
  public androidx.appcompat.app.AlertDialog$Builder setNegativeButton(int, android.content.DialogInterface$OnClickListener);
  public androidx.appcompat.app.AlertDialog create();
}
# Equivalent methods needed when the library is de-jetified.
-dontnote android.support.v7.app.AlertDialog.Builder
-keepclassmembers class android.support.v7.app.AlertDialog$Builder {
  <init>(android.content.Context, int);
  public android.content.Context getContext();
  public android.support.v7.app.AlertDialog$Builder setTitle(java.lang.CharSequence);
  public android.support.v7.app.AlertDialog$Builder setView(android.view.View);
  public android.support.v7.app.AlertDialog$Builder setPositiveButton(int, android.content.DialogInterface$OnClickListener);
  public android.support.v7.app.AlertDialog$Builder setNegativeButton(int, android.content.DialogInterface$OnClickListener);
  public android.support.v7.app.AlertDialog create();
}

# Don't warn about checkerframework and Kotlin annotations
-dontwarn org.checkerframework.**
-dontwarn kotlin.annotations.jvm.**
-dontwarn javax.annotation.**

# End of content from transformed/media3-ui-1.2.1/proguard.txt
# The proguard configuration file for the following section is transformed/media3-extractor-1.2.1/proguard.txt
# Proguard rules specific to the extractor module.

# Methods accessed via reflection in DefaultExtractorsFactory
-dontnote androidx.media3.decoder.flac.FlacExtractor
-keepclassmembers class androidx.media3.decoder.flac.FlacExtractor {
  <init>(int);
}
-dontnote androidx.media3.decoder.flac.FlacLibrary
-keepclassmembers class androidx.media3.decoder.flac.FlacLibrary {
  public static boolean isAvailable();
}
-dontnote androidx.media3.decoder.midi.MidiExtractor
-keepclassmembers class androidx.media3.decoder.midi.MidiExtractor {
  <init>();
}

# Don't warn about checkerframework and Kotlin annotations
-dontwarn org.checkerframework.**
-dontwarn kotlin.annotations.jvm.**
-dontwarn javax.annotation.**

# End of content from transformed/media3-extractor-1.2.1/proguard.txt
# The proguard configuration file for the following section is transformed/media3-datasource-1.2.1/proguard.txt
# Proguard rules specific to the DataSource module.

# Constant folding for resource integers may mean that a resource passed to this method appears to be unused. Keep the method to prevent this from happening.
-keepclassmembers class androidx.media3.datasource.RawResourceDataSource {
  public static android.net.Uri buildRawResourceUri(int);
}

# Constructors accessed via reflection in DefaultDataSource
-dontnote androidx.media3.datasource.rtmp.RtmpDataSource
-keepclassmembers class androidx.media3.datasource.rtmp.RtmpDataSource {
  <init>();
}

# End of content from transformed/media3-datasource-1.2.1/proguard.txt
# The proguard configuration file for the following section is transformed/media3-common-1.2.1/proguard.txt
# Proguard rules specific to the common module.

# Don't warn about checkerframework and Kotlin annotations
-dontwarn org.checkerframework.**
-dontwarn kotlin.annotations.jvm.**
-dontwarn javax.annotation.**

# From https://github.com/google/guava/wiki/UsingProGuardWithGuava
-dontwarn java.lang.ClassValue
-dontwarn java.lang.SafeVarargs
-dontwarn javax.lang.model.element.Modifier
-dontwarn sun.misc.Unsafe

# Don't warn about Guava's compile-only dependencies.
# These lines are needed for ProGuard but not R8.
-dontwarn com.google.errorprone.annotations.**
-dontwarn com.google.j2objc.annotations.**
-dontwarn org.codehaus.mojo.animal_sniffer.IgnoreJRERequirement

# Workaround for https://issuetracker.google.com/issues/112297269
# This is needed for ProGuard but not R8.
-keepclassmembernames class com.google.common.base.Function { *; }

# End of content from transformed/media3-common-1.2.1/proguard.txt
# The proguard configuration file for the following section is transformed/media3-exoplayer-1.2.1/proguard.txt
# Proguard rules specific to the core module.

# Constructors accessed via reflection in DefaultRenderersFactory
-dontnote androidx.media3.decoder.vp9.LibvpxVideoRenderer
-keepclassmembers class androidx.media3.decoder.vp9.LibvpxVideoRenderer {
  <init>(long, android.os.Handler, androidx.media3.exoplayer.video.VideoRendererEventListener, int);
}
-dontnote androidx.media3.decoder.av1.Libgav1VideoRenderer
-keepclassmembers class androidx.media3.decoder.av1.Libgav1VideoRenderer {
  <init>(long, android.os.Handler, androidx.media3.exoplayer.video.VideoRendererEventListener, int);
}
-dontnote androidx.media3.decoder.opus.LibopusAudioRenderer
-keepclassmembers class androidx.media3.decoder.opus.LibopusAudioRenderer {
  <init>(android.os.Handler, androidx.media3.exoplayer.audio.AudioRendererEventListener, androidx.media3.exoplayer.audio.AudioSink);
}
-dontnote androidx.media3.decoder.flac.LibflacAudioRenderer
-keepclassmembers class androidx.media3.decoder.flac.LibflacAudioRenderer {
  <init>(android.os.Handler, androidx.media3.exoplayer.audio.AudioRendererEventListener, androidx.media3.exoplayer.audio.AudioSink);
}
-dontnote androidx.media3.decoder.ffmpeg.FfmpegAudioRenderer
-keepclassmembers class androidx.media3.decoder.ffmpeg.FfmpegAudioRenderer {
  <init>(android.os.Handler, androidx.media3.exoplayer.audio.AudioRendererEventListener, androidx.media3.exoplayer.audio.AudioSink);
}
-dontnote androidx.media3.decoder.midi.MidiRenderer
-keepclassmembers class androidx.media3.decoder.midi.MidiRenderer {
  <init>(android.content.Context);
}

# Constructors accessed via reflection in DefaultDownloaderFactory
-dontnote androidx.media3.exoplayer.dash.offline.DashDownloader
-keepclassmembers class androidx.media3.exoplayer.dash.offline.DashDownloader {
  <init>(androidx.media3.common.MediaItem, androidx.media3.datasource.cache.CacheDataSource$Factory, java.util.concurrent.Executor);
}
-dontnote androidx.media3.exoplayer.hls.offline.HlsDownloader
-keepclassmembers class androidx.media3.exoplayer.hls.offline.HlsDownloader {
  <init>(androidx.media3.common.MediaItem, androidx.media3.datasource.cache.CacheDataSource$Factory, java.util.concurrent.Executor);
}
-dontnote androidx.media3.exoplayer.smoothstreaming.offline.SsDownloader
-keepclassmembers class androidx.media3.exoplayer.smoothstreaming.offline.SsDownloader {
  <init>(androidx.media3.common.MediaItem, androidx.media3.datasource.cache.CacheDataSource$Factory, java.util.concurrent.Executor);
}

# Constructors accessed via reflection in DefaultMediaSourceFactory
-dontnote androidx.media3.exoplayer.dash.DashMediaSource$Factory
-keepclasseswithmembers class androidx.media3.exoplayer.dash.DashMediaSource$Factory {
  <init>(androidx.media3.datasource.DataSource$Factory);
}
-dontnote androidx.media3.exoplayer.hls.HlsMediaSource$Factory
-keepclasseswithmembers class androidx.media3.exoplayer.hls.HlsMediaSource$Factory {
  <init>(androidx.media3.datasource.DataSource$Factory);
}
-dontnote androidx.media3.exoplayer.smoothstreaming.SsMediaSource$Factory
-keepclasseswithmembers class androidx.media3.exoplayer.smoothstreaming.SsMediaSource$Factory {
  <init>(androidx.media3.datasource.DataSource$Factory);
}
-dontnote androidx.media3.exoplayer.rtsp.RtspMediaSource$Factory
-keepclasseswithmembers class androidx.media3.exoplayer.rtsp.RtspMediaSource$Factory {
  <init>();
}

# End of content from transformed/media3-exoplayer-1.2.1/proguard.txt
# The proguard configuration file for the following section is transformed/media-1.6.0/proguard.txt
# Copyright (C) 2017 The Android Open Source Project
#
# Licensed under the Apache License, Version 2.0 (the "License");
# you may not use this file except in compliance with the License.
# You may obtain a copy of the License at
#
#      http://www.apache.org/licenses/LICENSE-2.0
#
# Unless required by applicable law or agreed to in writing, software
# distributed under the License is distributed on an "AS IS" BASIS,
# WITHOUT WARRANTIES OR CONDITIONS OF ANY KIND, either express or implied.
# See the License for the specific language governing permissions and
# limitations under the License.

# Prevent Parcelable objects from being removed or renamed.
-keep class android.support.v4.media.** implements android.os.Parcelable {
    public static final android.os.Parcelable$Creator *;
}

# Prevent Parcelable objects from being removed or renamed.
-keep class androidx.media.** implements android.os.Parcelable {
    public static final android.os.Parcelable$Creator *;
}
# End of content from transformed/media-1.6.0/proguard.txt
# The proguard configuration file for the following section is transformed/recyclerview-1.3.0/proguard.txt
# Copyright (C) 2015 The Android Open Source Project
#
# Licensed under the Apache License, Version 2.0 (the "License");
# you may not use this file except in compliance with the License.
# You may obtain a copy of the License at
#
#      http://www.apache.org/licenses/LICENSE-2.0
#
# Unless required by applicable law or agreed to in writing, software
# distributed under the License is distributed on an "AS IS" BASIS,
# WITHOUT WARRANTIES OR CONDITIONS OF ANY KIND, either express or implied.
# See the License for the specific language governing permissions and
# limitations under the License.

# When layoutManager xml attribute is used, RecyclerView inflates
#LayoutManagers' constructors using reflection.
-keep public class * extends androidx.recyclerview.widget.RecyclerView$LayoutManager {
    public <init>(android.content.Context, android.util.AttributeSet, int, int);
    public <init>();
}

-keepclassmembers class androidx.recyclerview.widget.RecyclerView {
    public void suppressLayout(boolean);
    public boolean isLayoutSuppressed();
}
# End of content from transformed/recyclerview-1.3.0/proguard.txt
# The proguard configuration file for the following section is transformed/hilt-work-1.1.0/proguard.txt
# Keep class names of Hilt injected Workers since their name are used as a multibinding map key.
-keepnames @androidx.hilt.work.HiltWorker class * extends androidx.work.ListenableWorker
# End of content from transformed/hilt-work-1.1.0/proguard.txt
# The proguard configuration file for the following section is transformed/work-runtime-2.9.0/proguard.txt
-keep class * extends androidx.work.Worker
-keep class * extends androidx.work.InputMerger
# Keep all constructors on ListenableWorker, Worker
-keep public class * extends androidx.work.ListenableWorker {
    public <init>(...);
}
# We need to keep WorkerParameters for the ListenableWorker constructor
-keep class androidx.work.WorkerParameters

# End of content from transformed/work-runtime-2.9.0/proguard.txt
# The proguard configuration file for the following section is transformed/navigation-common-2.7.7/proguard.txt
# Copyright (C) 2019 The Android Open Source Project
#
# Licensed under the Apache License, Version 2.0 (the "License");
# you may not use this file except in compliance with the License.
# You may obtain a copy of the License at
#
#      http://www.apache.org/licenses/LICENSE-2.0
#
# Unless required by applicable law or agreed to in writing, software
# distributed under the License is distributed on an "AS IS" BASIS,
# WITHOUT WARRANTIES OR CONDITIONS OF ANY KIND, either express or implied.
# See the License for the specific language governing permissions and
# limitations under the License.

# NavArgsLazy creates NavArgs instances using reflection