app/build/outputs/mapping/release/seeds.txt
com.quezic.domain.model.MatchResult$MultipleOptions
com.quezic.download.DownloadService
com.quezic.data.local.entity.SongEntity$Companion
com.quezic.domain.model.RepeatMode
com.quezic.data.local.entity.PlaylistWithSongs
com.quezic.domain.model.MatchResult$Matched
com.quezic.player.PlaybackService_GeneratedInjector
com.quezic.domain.model.Artist
com.quezic.ui.screens.soundcloud.ImportSoundCloudViewModel
com.quezic.QuezicApp
com.quezic.data.local.entity.SongEntity
com.quezic.domain.model.SpotifyTrack
com.quezic.ui.screens.library.LibraryViewModel
com.quezic.domain.model.Song
com.quezic.domain.model.DownloadState
com.quezic.domain.model.MatchResult
com.quezic.ui.screens.playlist.PlaylistViewModel
com.quezic.domain.model.TrackMatchState
com.quezic.domain.model.SourceType
com.quezic.QuezicApp_GeneratedInjector
com.quezic.domain.model.DownloadState$Failed
com.quezic.data.local.entity.PlaylistSongCrossRef
com.quezic.domain.model.SearchResult
com.quezic.data.local.QuezicDatabase
com.quezic.domain.model.DownloadState$Queued
com.quezic.domain.model.DownloadState$Completed
com.quezic.ui.screens.settings.SettingsViewModel
com.quezic.domain.model.SpotifyPlaylist
com.quezic.download.DownloadWorker
com.quezic.player.PlaybackService
com.quezic.data.local.entity.PlaylistEntity
com.quezic.domain.model.DownloadItem
com.quezic.domain.model.PlayerState
com.quezic.domain.model.StreamQuality
com.quezic.download.DownloadService_GeneratedInjector
com.quezic.domain.model.SmartPlaylistType
com.quezic.MainActivity_GeneratedInjector
com.quezic.MainActivity
com.quezic.domain.model.Playlist
com.quezic.domain.model.DownloadState$Downloading
com.quezic.domain.model.Album
com.quezic.ui.screens.spotify.ImportSpotifyViewModel
com.quezic.ui.screens.search.SearchViewModel
com.quezic.ui.screens.home.HomeViewModel
com.quezic.ui.viewmodel.PlayerViewModel
com.quezic.data.local.entity.PlaylistEntity$Companion
com.quezic.data.local.QuezicDatabase_Impl
com.quezic.domain.model.MatchResult$Skipped
com.quezic.domain.model.DownloadState$Idle
com.quezic.domain.model.MatchResult$NotFound
com.quezic.domain.model.Song: long duration
com.quezic.domain.model.Playlist: boolean isSmartPlaylist
com.quezic.domain.model.Song: int $stable
com.quezic.domain.model.SourceType: com.quezic.domain.model.SourceType BANDCAMP
com.quezic.domain.model.Playlist: long updatedAt
com.quezic.domain.model.Song: int playCount
com.quezic.domain.model.SmartPlaylistType: com.quezic.domain.model.SmartPlaylistType FAVORITES
com.quezic.data.local.entity.SongEntity: java.lang.Long lastPlayedAt
com.quezic.domain.model.DownloadState$Failed: int $stable
com.quezic.domain.model.Artist: int albumCount
com.quezic.domain.model.SearchResult: java.lang.String id
com.quezic.data.local.entity.SongEntity: java.lang.String sourceUrl
com.quezic.domain.model.Album: int $stable
com.quezic.domain.model.DownloadState$Downloading: float progress
com.quezic.data.local.entity.PlaylistWithSongs: java.util.List songs
com.quezic.domain.model.TrackMatchState: int $stable
com.quezic.domain.model.DownloadState$Queued: com.quezic.domain.model.DownloadState$Queued INSTANCE
com.quezic.domain.model.SpotifyPlaylist: java.lang.String description
com.quezic.domain.model.Album: int songCount
com.quezic.domain.model.SearchResult: java.lang.String title
com.quezic.data.local.entity.PlaylistEntity: int $stable
com.quezic.domain.model.DownloadState$Failed: java.lang.String error
com.quezic.domain.model.PlayerState: boolean isPlaying
com.quezic.domain.model.DownloadItem: com.quezic.domain.model.StreamQuality quality
com.quezic.data.local.entity.SongEntity: java.lang.String thumbnailUrl
com.quezic.domain.model.DownloadState: int $stable
com.quezic.domain.model.PlayerState: boolean shuffleEnabled
com.quezic.domain.model.SearchResult: int $stable
com.quezic.domain.model.Album: java.lang.String artist
com.quezic.domain.model.Album: java.lang.String name
com.quezic.domain.model.MatchResult$Skipped: int $stable
...
okhttp3.Address: java.lang.String toString()
okhttp3.HttpUrl$Builder: void setEncodedPassword$okhttp(java.lang.String)
org.jsoup.nodes.Document$QuirksMode: org.jsoup.nodes.Document$QuirksMode[] values()
org.mozilla.javascript.NativeFunction: NativeFunction()
org.schabi.newpipe.extractor.services.bandcamp.extractors.streaminfoitem.BandcampSearchStreamInfoItemExtractor: java.lang.String getUrl()
org.mozilla.javascript.NativeConsole$Level: NativeConsole$Level(java.lang.String,int)
androidx.core.view.WindowInsetsCompat$Impl: boolean equals(java.lang.Object)
okhttp3.internal.io.FileSystem$Companion$SystemFileSystem: boolean exists(java.io.File)
org.mozilla.javascript.Node: void putIntProp(int,int)
okhttp3.internal.concurrent.Task: boolean getCancelable()
com.grack.nanojson.JsonReader: void nul()
okhttp3.internal.http.StatusLine$Companion: StatusLine$Companion()
org.mozilla.javascript.IdScriptableObject: org.mozilla.javascript.Slot queryOrFakeSlot(org.mozilla.javascript.Context,java.lang.Object)
org.mozilla.javascript.optimizer.Codegen: void generateFunctionConstructor(org.mozilla.classfile.ClassFileWriter)
org.mozilla.javascript.Delegator: boolean hasInstance(org.mozilla.javascript.Scriptable)
com.google.gson.internal.bind.JsonTreeWriter: void put(com.google.gson.JsonElement)
org.schabi.newpipe.extractor.stream.StreamSegment: void setTitle(java.lang.String)
com.google.gson.TypeAdapter: java.lang.Object fromJson(java.io.Reader)
okhttp3.HttpUrl$Companion: okhttp3.HttpUrl -deprecated_get(java.net.URL)
org.mozilla.javascript.NativeConsole: java.lang.String formatObj(org.mozilla.javascript.Context,org.mozilla.javascript.Scriptable,java.lang.Object)
org.schabi.newpipe.extractor.utils.jsextractor.Lexer$LookBehind: org.schabi.newpipe.extractor.utils.jsextractor.Lexer$MetaToken three()
okhttp3.HttpUrl: okhttp3.HttpUrl$Builder newBuilder(java.lang.String)
com.google.gson.JsonPrimitive: JsonPrimitive(java.lang.Boolean)
org.mozilla.javascript.CodeGenerator: void releaseLocal(int)
org.mozilla.javascript.typedarrays.NativeTypedArrayView: boolean retainAll(java.util.Collection)
org.schabi.newpipe.extractor.utils.ManifestCreatorCache: void lambda$keepNewestEntries$0(int,java.util.ArrayList,java.util.Map$Entry)
com.google.gson.internal.bind.ReflectiveTypeAdapterFactory$BoundField: ReflectiveTypeAdapterFactory$BoundField(java.lang.String,boolean,boolean)
com.google.gson.internal.bind.TypeAdapters$26: com.google.gson.TypeAdapter create(com.google.gson.Gson,com.google.gson.reflect.TypeToken)
androidx.recyclerview.widget.RecyclerView: void setHasFixedSize(boolean)
com.google.gson.internal.LinkedHashTreeMap: java.util.Set keySet()
com.google.gson.internal.bind.TypeAdapters$5: java.lang.Number read(com.google.gson.stream.JsonReader)
com.google.gson.DefaultDateTypeAdapter: java.lang.Class verifyDateType(java.lang.Class)
org.mozilla.javascript.ast.ArrayLiteral: void setElements(java.util.List)
okhttp3.internal.http1.Http1ExchangeCodec$KnownLengthSink: okio.Timeout timeout()
org.mozilla.javascript.NativeWeakMap: void readObject(java.io.ObjectInputStream)
org.schabi.newpipe.extractor.playlist.PlaylistInfo: void setDescription(org.schabi.newpipe.extractor.stream.Description)
org.mozilla.javascript.optimizer.BodyCodegen$ExceptionManager: void setHandlers(int[],int)
androidx.core.view.WindowInsetsCompat$Impl: androidx.core.view.WindowInsetsCompat consumeSystemWindowInsets()
org.mozilla.javascript.IdFunctionObjectES6: IdFunctionObjectES6(org.mozilla.javascript.IdFunctionCall,java.lang.Object,int,java.lang.String,int,org.mozilla.javascript.Scriptable)
org.schabi.newpipe.extractor.services.youtube.extractors.YoutubeMixOrPlaylistLockupInfoItemExtractor: org.schabi.newpipe.extractor.exceptions.ParsingException lambda$getStreamCount$1()
okhttp3.internal.http2.Hpack$Reader: void readLiteralHeaderWithoutIndexingNewName()
org.mozilla.javascript.ast.WithStatement: void setLp(int)